[    0.000000] Initializing cgroup subsys cpuset
[    0.000000] Initializing cgroup subsys cpu
[    0.000000] Initializing cgroup subsys cpuacct
[    0.000000] Linux version 4.4.0-87-generic (buildd@lgw01-28) (gcc version 5.4.0 20160609 (Ubuntu 5.4.0-6ubuntu1~16.04.4) ) #110-Ubuntu SMP Tue Jul 18 12:54:58 UTC 2017 (Ubuntu 4.4.0-87.110-generic 4.4.73)
[    0.000000] KERNEL supported cpus:
[    0.000000]   Intel GenuineIntel
[    0.000000]   AMD AuthenticAMD
[    0.000000]   NSC Geode by NSC
[    0.000000]   Cyrix CyrixInstead
[    0.000000]   Centaur CentaurHauls
[    0.000000]   Transmeta GenuineTMx86
[    0.000000]   Transmeta TransmetaCPU
[    0.000000]   UMC UMC UMC UMC
[    0.000000] x86/fpu: xstate_offset[2]:  576, xstate_sizes[2]:  256
[    0.000000] x86/fpu: Supporting XSAVE feature 0x01: 'x87 floating point registers'
[    0.000000] x86/fpu: Supporting XSAVE feature 0x02: 'SSE registers'
[    0.000000] x86/fpu: Supporting XSAVE feature 0x04: 'AVX registers'
[    0.000000] x86/fpu: Enabled xstate features 0x7, context size is 832 bytes, using 'standard' format.
[    0.000000] x86/fpu: Using 'lazy' FPU context switches.
[    0.000000] e820: BIOS-provided physical RAM map:
[    0.000000] BIOS-e820: [mem 0x0000000000000000-0x000000000009fbff] usable
[    0.000000] BIOS-e820: [mem 0x000000000009fc00-0x000000000009ffff] reserved
[    0.000000] BIOS-e820: [mem 0x00000000000f0000-0x00000000000fffff] reserved
[    0.000000] BIOS-e820: [mem 0x0000000000100000-0x000000003ffeffff] usable
[    0.000000] BIOS-e820: [mem 0x000000003fff0000-0x000000003fffffff] ACPI data
[    0.000000] BIOS-e820: [mem 0x00000000fec00000-0x00000000fec00fff] reserved
[    0.000000] BIOS-e820: [mem 0x00000000fee00000-0x00000000fee00fff] reserved
[    0.000000] BIOS-e820: [mem 0x00000000fffc0000-0x00000000ffffffff] reserved
[    0.000000] NX (Execute Disable) protection: active
[    0.000000] SMBIOS 2.5 present.
[    0.000000] Hypervisor detected: KVM
[    0.000000] e820: last_pfn = 0x3fff0 max_arch_pfn = 0x1000000
[    0.000000] MTRR: Disabled
[    0.000000] x86/PAT: MTRRs disabled, skipping PAT initialization too.
[    0.000000] x86/PAT: Configuration [0-7]: WB  WT  UC- UC  WB  WT  UC- UC  
[    0.000000] CPU MTRRs all blank - virtualized system.
[    0.000000] found SMP MP-table at [mem 0x0009fff0-0x0009ffff] mapped at [c009fff0]
[    0.000000] Scanning 1 areas for low memory corruption
[    0.000000] RAMDISK: [mem 0x36afc000-0x37575fff]
[    0.000000] ACPI: Early table checksum verification disabled
[    0.000000] ACPI: RSDP 0x00000000000E0000 000024 (v02 VBOX  )
[    0.000000] ACPI: XSDT 0x000000003FFF0030 00003C (v01 VBOX   VBOXXSDT 00000001 ASL  00000061)
[    0.000000] ACPI: FACP 0x000000003FFF00F0 0000F4 (v04 VBOX   VBOXFACP 00000001 ASL  00000061)
[    0.000000] ACPI: DSDT 0x000000003FFF0470 0021C8 (v02 VBOX   VBOXBIOS 00000002 INTL 20100528)
[    0.000000] ACPI: FACS 0x000000003FFF0200 000040
[    0.000000] ACPI: FACS 0x000000003FFF0200 000040
[    0.000000] ACPI: APIC 0x000000003FFF0240 00005C (v02 VBOX   VBOXAPIC 00000001 ASL  00000061)
[    0.000000] ACPI: SSDT 0x000000003FFF02A0 0001CC (v01 VBOX   VBOXCPUT 00000002 INTL 20100528)
[    0.000000] 131MB HIGHMEM available.
[    0.000000] 891MB LOWMEM available.
[    0.000000]   mapped low ram: 0 - 37bfe000
[    0.000000]   low ram: 0 - 37bfe000
[    0.000000] kvm-clock: Using msrs 4b564d01 and 4b564d00
[    0.000000] kvm-clock: cpu 0, msr 0:37bfd001, primary cpu clock
[    0.000000] kvm-clock: using sched offset of 3720581911 cycles
[    0.000000] clocksource: kvm-clock: mask: 0xffffffffffffffff max_cycles: 0x1cd42e4dffb, max_idle_ns: 881590591483 ns
[    0.000000] Zone ranges:
[    0.000000]   DMA      [mem 0x0000000000001000-0x0000000000ffffff]
[    0.000000]   Normal   [mem 0x0000000001000000-0x0000000037bfdfff]
[    0.000000]   HighMem  [mem 0x0000000037bfe000-0x000000003ffeffff]
[    0.000000] Movable zone start for each node
[    0.000000] Early memory node ranges
[    0.000000]   node   0: [mem 0x0000000000001000-0x000000000009efff]
[    0.000000]   node   0: [mem 0x0000000000100000-0x000000003ffeffff]
[    0.000000] Initmem setup node 0 [mem 0x0000000000001000-0x000000003ffeffff]
[    0.000000] Using APIC driver default
[    0.000000] ACPI: PM-Timer IO Port: 0x4008
[    0.000000] IOAPIC[0]: apic_id 2, version 32, address 0xfec00000, GSI 0-23
[    0.000000] ACPI: INT_SRC_OVR (bus 0 bus_irq 0 global_irq 2 dfl dfl)
[    0.000000] ACPI: INT_SRC_OVR (bus 0 bus_irq 9 global_irq 9 high level)
[    0.000000] Using ACPI (MADT) for SMP configuration information
[    0.000000] smpboot: Allowing 2 CPUs, 0 hotplug CPUs
[    0.000000] PM: Registered nosave memory: [mem 0x00000000-0x00000fff]
[    0.000000] PM: Registered nosave memory: [mem 0x0009f000-0x0009ffff]
[    0.000000] PM: Registered nosave memory: [mem 0x000a0000-0x000effff]
[    0.000000] PM: Registered nosave memory: [mem 0x000f0000-0x000fffff]
[    0.000000] e820: [mem 0x40000000-0xfebfffff] available for PCI devices
[    0.000000] Booting paravirtualized kernel on KVM
[    0.000000] clocksource: refined-jiffies: mask: 0xffffffff max_cycles: 0xffffffff, max_idle_ns: 7645519600211568 ns
[    0.000000] setup_percpu: NR_CPUS:8 nr_cpumask_bits:8 nr_cpu_ids:2 nr_node_ids:1
[    0.000000] PERCPU: Embedded 19 pages/cpu @f76b0000 s47436 r0 d30388 u77824
[    0.000000] PV qspinlock hash table entries: 512 (order: 0, 4096 bytes)
[    0.000000] Built 1 zonelists in Zone order, mobility grouping on.  Total pages: 259800
[    0.000000] Kernel command line: BOOT_IMAGE=/boot/vmlinuz-4.4.0-87-generic root=UUID=ff822596-2025-4296-8512-67831e995760 ro console=tty1 console=ttyS0
[    0.000000] PID hash table entries: 4096 (order: 2, 16384 bytes)
[    0.000000] Dentry cache hash table entries: 131072 (order: 7, 524288 bytes)
[    0.000000] Inode-cache hash table entries: 65536 (order: 6, 262144 bytes)
[    0.000000] Initializing CPU#0
[    0.000000] Initializing HighMem for node 0 (00037bfe:0003fff0)
[    0.000000] Initializing Movable for node 0 (00000000:00000000)
[    0.000000] Memory: 1012208K/1048120K available (7962K kernel code, 770K rwdata, 3164K rodata, 940K init, 800K bss, 35912K reserved, 0K cma-reserved, 135112K highmem)
[    0.000000] virtual kernel memory layout:
[    0.000000]     fixmap  : 0xfff15000 - 0xfffff000   ( 936 kB)
[    0.000000]     pkmap   : 0xffc00000 - 0xffe00000   (2048 kB)
[    0.000000]     vmalloc : 0xf83fe000 - 0xffbfe000   ( 120 MB)
[    0.000000]     lowmem  : 0xc0000000 - 0xf7bfe000   ( 891 MB)
[    0.000000]       .init : 0xc1ba1000 - 0xc1c8c000   ( 940 kB)
[    0.000000]       .data : 0xc17c6b8b - 0xc1b9fa80   (3939 kB)
[    0.000000]       .text : 0xc1000000 - 0xc17c6b8b   (7962 kB)
[    0.000000] Checking if this processor honours the WP bit even in supervisor mode...Ok.
[    0.000000] SLUB: HWalign=64, Order=0-3, MinObjects=0, CPUs=2, Nodes=1
[    0.000000] Hierarchical RCU implementation.
[    0.000000] 	Build-time adjustment of leaf fanout to 32.
[    0.000000] 	RCU restricting CPUs from NR_CPUS=8 to nr_cpu_ids=2.
[    0.000000] RCU: Adjusting geometry for rcu_fanout_leaf=32, nr_cpu_ids=2
[    0.000000] NR_IRQS:2304 nr_irqs:440 16
[    0.000000] Console: colour VGA+ 80x25
[    0.000000] console [tty1] enabled
[    0.000000] console [ttyS0] enabled
[    0.000000] allocated 1048576 bytes of page_ext
[    0.000000] tsc: Detected 2294.796 MHz processor
[    3.673652] Calibrating delay loop (skipped) preset value.. 4589.59 BogoMIPS (lpj=9179184)
[    3.744205] pid_max: default: 32768 minimum: 301
[    3.760011] ACPI: Core revision 20150930
[    3.801806] ACPI: 2 ACPI AML tables successfully acquired and loaded
[    3.862129] Security Framework initialized
[    3.876662] Yama: becoming mindful.
[    3.890994] AppArmor: AppArmor initialized
[    3.941836] Mount-cache hash table entries: 2048 (order: 1, 8192 bytes)
[    3.945830] Mountpoint-cache hash table entries: 2048 (order: 1, 8192 bytes)
[    4.021797] Initializing cgroup subsys io
[    4.092676] Initializing cgroup subsys memory
[    4.124562] Initializing cgroup subsys devices
[    4.144956] Initializing cgroup subsys freezer
[    4.153433] Initializing cgroup subsys net_cls
[    4.159779] Initializing cgroup subsys perf_event
[    4.193107] Initializing cgroup subsys net_prio
[    4.220151] Initializing cgroup subsys hugetlb
[    4.221147] Initializing cgroup subsys pids
[    4.224388] CPU: Physical Processor ID: 0
[    4.253562] CPU: Processor Core ID: 0
[    4.270182] mce: CPU supports 0 MCE banks
[    4.272048] Last level iTLB entries: 4KB 512, 2MB 8, 4MB 8
[    4.294829] Last level dTLB entries: 4KB 512, 2MB 32, 4MB 32, 1GB 0
[    4.320472] Freeing SMP alternatives memory: 28K (c1c8c000 - c1c93000)
[    4.337881] ftrace: allocating 31409 entries in 62 pages
[    4.425041] smpboot: APIC(0) Converting physical 0 to logical package 0
[    4.454750] smpboot: Max logical packages: 1
[    4.461247] Enabling APIC mode:  Flat.  Using 1 I/O APICs
[    4.471431] ..TIMER: vector=0x30 apic1=0 pin1=2 apic2=-1 pin2=-1
[    4.607844] smpboot: CPU0: Intel(R) Core(TM) i5-2410M CPU @ 2.30GHz (family: 0x6, model: 0x2a, stepping: 0x7)
[    4.627274] Performance Events: unsupported p6 CPU model 42 no PMU driver, software events only.
[    4.631705] KVM setup paravirtual spinlock
[    4.644962] x86: Booting SMP configuration:
[    4.680692] .... node  #0, CPUs:      #1
[1266874885.988969] Initializing CPU#1
[    4.701438] kvm-clock: cpu 1, msr 0:37bfd041, secondary cpu clock
[    4.704479] mce: CPU supports 0 MCE banks
[    4.719232] x86: Booted up 1 node, 2 CPUs
[    4.772569] smpboot: Total of 2 processors activated (9179.18 BogoMIPS)
[    4.787633] devtmpfs: initialized
[    4.796183] evm: security.selinux
[    4.805539] evm: security.SMACK64
[    4.811673] evm: security.SMACK64EXEC
[    4.850277] evm: security.SMACK64TRANSMUTE
[    4.860434] evm: security.SMACK64MMAP
[    4.895565] evm: security.ima
[    4.903869] evm: security.capability
[    4.923201] clocksource: jiffies: mask: 0xffffffff max_cycles: 0xffffffff, max_idle_ns: 7645041785100000 ns
[    4.994073] futex hash table entries: 512 (order: 3, 32768 bytes)
[    5.011751] pinctrl core: initialized pinctrl subsystem
[    5.037450] RTC time: 10:56:38, date: 07/31/17
[    5.051379] NET: Registered protocol family 16
[    5.083745] EISA bus registered
[    5.124500] cpuidle: using governor ladder
[    5.147455] cpuidle: using governor menu
[    5.173674] PCCT header not found.
[    5.177157] ACPI: bus type PCI registered
[    5.204988] acpiphp: ACPI Hot Plug PCI Controller Driver version: 0.5
[    5.217401] PCI : PCI BIOS area is rw and x. Use pci=nobios if you want it NX.
[    5.253042] PCI: PCI BIOS revision 2.10 entry at 0xfda26, last bus=0
[    5.264641] PCI: Using configuration type 1 for base access
[    5.289136] ACPI: Added _OSI(Module Device)
[    5.315051] ACPI: Added _OSI(Processor Device)
[    5.318959] ACPI: Added _OSI(3.0 _SCP Extensions)
[    5.340328] ACPI: Added _OSI(Processor Aggregator Device)
[    5.346111] ACPI: Executed 1 blocks of module-level executable AML code
[    5.358462] ACPI: Interpreter enabled
[    5.366415] ACPI: (supports S0 S5)
[    5.367786] ACPI: Using IOAPIC for interrupt routing
[    5.369067] PCI: Using host bridge windows from ACPI; if necessary, use "pci=nocrs" and report a bug
[    5.403713] ACPI: PCI Root Bridge [PCI0] (domain 0000 [bus 00-ff])
[    5.419931] acpi PNP0A03:00: _OSC: OS supports [ASPM ClockPM Segments MSI]
[    5.441258] acpi PNP0A03:00: _OSC failed (AE_NOT_FOUND); disabling ASPM
[    5.467875] acpi PNP0A03:00: fail to add MMCONFIG information, can't access extended PCI configuration space under this bridge.
[    5.489304] PCI host bridge to bus 0000:00
[    5.524513] pci_bus 0000:00: root bus resource [io  0x0000-0x0cf7 window]
[    5.562821] pci_bus 0000:00: root bus resource [io  0x0d00-0xffff window]
[    5.568107] pci_bus 0000:00: root bus resource [mem 0x000a0000-0x000bffff window]
[    5.592592] pci_bus 0000:00: root bus resource [mem 0x40000000-0xffdfffff window]
[    5.655787] pci_bus 0000:00: root bus resource [bus 00-ff]
[    5.688590] pci 0000:00:01.1: legacy IDE quirk: reg 0x10: [io  0x01f0-0x01f7]
[    5.742155] pci 0000:00:01.1: legacy IDE quirk: reg 0x14: [io  0x03f6]
[    5.782134] pci 0000:00:01.1: legacy IDE quirk: reg 0x18: [io  0x0170-0x0177]
[    5.795658] pci 0000:00:01.1: legacy IDE quirk: reg 0x1c: [io  0x0376]
[    5.832784] pci 0000:00:07.0: quirk: [io  0x4000-0x403f] claimed by PIIX4 ACPI
[    5.873236] pci 0000:00:07.0: quirk: [io  0x4100-0x410f] claimed by PIIX4 SMB
[    5.895511] ACPI: PCI Interrupt Link [LNKA] (IRQs 5 9 10 *11)
[    5.915801] ACPI: PCI Interrupt Link [LNKB] (IRQs 5 9 10 *11)
[    5.928828] ACPI: PCI Interrupt Link [LNKC] (IRQs 5 9 *10 11)
[    5.947939] ACPI: PCI Interrupt Link [LNKD] (IRQs 5 *9 10 11)
[    5.982038] ACPI: Enabled 2 GPEs in block 00 to 07
[    6.010279] vgaarb: setting as boot device: PCI:0000:00:02.0
[    6.021831] vgaarb: device added: PCI:0000:00:02.0,decodes=io+mem,owns=io+mem,locks=none
[    6.029720] vgaarb: loaded
[    6.050019] vgaarb: bridge control possible 0000:00:02.0
[    6.054148] SCSI subsystem initialized
[    6.055761] ACPI: bus type USB registered
[    6.070706] usbcore: registered new interface driver usbfs
[    6.084337] usbcore: registered new interface driver hub
[    6.113781] usbcore: registered new device driver usb
[    6.125717] PCI: Using ACPI for IRQ routing
[    6.135969] NetLabel: Initializing
[    6.145943] NetLabel:  domain hash size = 128
[    6.165193] NetLabel:  protocols = UNLABELED CIPSOv4
[    6.198253] NetLabel:  unlabeled traffic allowed by default
[    6.230588] amd_nb: Cannot enumerate AMD northbridges
[    6.246813] clocksource: Switched to clocksource kvm-clock
[    6.277432] AppArmor: AppArmor Filesystem Enabled
[    6.282103] pnp: PnP ACPI init
[    6.285680] pnp: PnP ACPI: found 3 devices
[    6.312385] PnPBIOS: Disabled by ACPI PNP
[    6.361268] clocksource: acpi_pm: mask: 0xffffff max_cycles: 0xffffff, max_idle_ns: 2085701024 ns
[    6.412572] NET: Registered protocol family 2
[    6.425262] TCP established hash table entries: 8192 (order: 3, 32768 bytes)
[    6.430220] TCP bind hash table entries: 8192 (order: 4, 65536 bytes)
[    6.442281] TCP: Hash tables configured (established 8192 bind 8192)
[    6.469429] UDP hash table entries: 512 (order: 2, 16384 bytes)
[    6.472313] UDP-Lite hash table entries: 512 (order: 2, 16384 bytes)
[    6.483672] NET: Registered protocol family 1
[    6.529624] pci 0000:00:00.0: Limiting direct PCI/PCI transfers
[    6.550137] pci 0000:00:01.0: Activating ISA DMA hang workarounds
[    6.585239] Unpacking initramfs...
[    8.900369] Freeing initrd memory: 10728K (f6afc000 - f7576000)
[    8.918793] RAPL PMU detected, API unit is 2^-32 Joules, 3 fixed counters 10737418240 ms ovfl timer
[    8.928390] hw unit of domain pp0-core 2^-0 Joules
[    8.934205] hw unit of domain package 2^-0 Joules
[    8.936869] hw unit of domain pp1-gpu 2^-0 Joules
[    8.946093] platform rtc_cmos: registered platform RTC device (no PNP device found)
[    8.949978] Scanning for low memory corruption every 60 seconds
[    8.952680] audit: initializing netlink subsys (disabled)
[    8.957335] audit: type=2000 audit(1501498602.613:1): initialized
[    8.968014] Initialise system trusted keyring
[    8.974807] HugeTLB registered 2 MB page size, pre-allocated 0 pages
[    8.992416] zbud: loaded
[    9.001588] VFS: Disk quotas dquot_6.6.0
[    9.028733] VFS: Dquot-cache hash table entries: 1024 (order 0, 4096 bytes)
[    9.040054] squashfs: version 4.0 (2009/01/31) Phillip Lougher
[    9.050214] fuse init (API version 7.23)
[    9.065236] Key type big_key registered
[    9.085097] Allocating IMA MOK and blacklist keyrings.
[    9.089199] Key type asymmetric registered
[    9.112997] Asymmetric key parser 'x509' registered
[    9.114084] bounce: pool size: 64 pages
[    9.115021] Block layer SCSI generic (bsg) driver version 0.4 loaded (major 249)
[    9.174343] io scheduler noop registered
[    9.196884] io scheduler deadline registered (default)
[    9.226193] io scheduler cfq registered
[    9.228548] pci_hotplug: PCI Hot Plug PCI Core version: 0.5
[    9.229751] pciehp: PCI Express Hot Plug Controller Driver version: 0.4
[    9.255156] ACPI: AC Adapter [AC] (on-line)
[    9.300656] input: Power Button as /devices/LNXSYSTM:00/LNXPWRBN:00/input/input0
[    9.315439] ACPI: Power Button [PWRF]
[    9.332386] input: Sleep Button as /devices/LNXSYSTM:00/LNXSLPBN:00/input/input1
[    9.361703] ACPI: Sleep Button [SLPF]
[    9.380250] ACPI: Battery Slot [BAT0] (battery present)
[    9.413287] GHES: HEST is not enabled!
[    9.417851] isapnp: Scanning for PnP cards...
[    9.417931] Serial: 8250/16550 driver, 32 ports, IRQ sharing enabled
[    9.455245] 00:02: ttyS0 at I/O 0x3f8 (irq = 4, base_baud = 115200) is a 16550A
[    9.501107] Linux agpgart interface v0.103
[    9.547484] loop: module loaded
[    9.548343] scsi host0: ata_piix
[    9.548439] scsi host1: ata_piix
[    9.548496] ata1: PATA max UDMA/33 cmd 0x1f0 ctl 0x3f6 bmdma 0xd000 irq 14
[    9.548497] ata2: PATA max UDMA/33 cmd 0x170 ctl 0x376 bmdma 0xd008 irq 15
[    9.548612] libphy: Fixed MDIO Bus: probed
[    9.548614] tun: Universal TUN/TAP device driver, 1.6
[    9.548615] tun: (C) 1999-2004 Max Krasnyansky <maxk@qualcomm.com>
[    9.549034] PPP generic driver version 2.4.2
[    9.549115] ehci_hcd: USB 2.0 'Enhanced' Host Controller (EHCI) Driver
[    9.549119] ehci-pci: EHCI PCI platform driver
[    9.549133] ehci-platform: EHCI generic platform driver
[    9.549144] ohci_hcd: USB 1.1 'Open' Host Controller (OHCI) Driver
[    9.549166] ohci-pci: OHCI PCI platform driver
[    9.549181] ohci-platform: OHCI generic platform driver
[    9.549192] uhci_hcd: USB Universal Host Controller Interface driver
[    9.549273] i8042: PNP: PS/2 Controller [PNP0303:PS2K,PNP0f03:PS2M] at 0x60,0x64 irq 1,12
[    9.549954] serio: i8042 KBD port at 0x60,0x64 irq 1
[    9.549960] serio: i8042 AUX port at 0x60,0x64 irq 12
[    9.550149] mousedev: PS/2 mouse device common for all mice
[    9.550614] input: AT Translated Set 2 keyboard as /devices/platform/i8042/serio0/input/input2
[    9.551145] rtc_cmos rtc_cmos: rtc core: registered rtc_cmos as rtc0
[    9.551229] rtc_cmos rtc_cmos: alarms up to one day, 114 bytes nvram
[    9.551238] i2c /dev entries driver
[    9.551314] device-mapper: uevent: version 1.0.3
[    9.551404] device-mapper: ioctl: 4.34.0-ioctl (2015-10-28) initialised: dm-devel@redhat.com
[    9.551436] platform eisa.0: Probing EISA bus 0
[    9.551438] platform eisa.0: EISA: Cannot allocate resource for mainboard
[    9.551439] platform eisa.0: Cannot allocate resource for EISA slot 1
[    9.551441] platform eisa.0: Cannot allocate resource for EISA slot 2
[    9.551442] platform eisa.0: Cannot allocate resource for EISA slot 3
[    9.551443] platform eisa.0: Cannot allocate resource for EISA slot 4
[    9.551445] platform eisa.0: Cannot allocate resource for EISA slot 5
[    9.551446] platform eisa.0: Cannot allocate resource for EISA slot 6
[    9.551447] platform eisa.0: Cannot allocate resource for EISA slot 7
[    9.551449] platform eisa.0: Cannot allocate resource for EISA slot 8
[    9.551450] platform eisa.0: EISA: Detected 0 cards
[    9.551473] cpufreq-nforce2: No nForce2 chipset.
[    9.551482] ledtrig-cpu: registered to indicate activity on CPUs
[    9.551841] NET: Registered protocol family 10
[    9.552141] NET: Registered protocol family 17
[    9.552161] Key type dns_resolver registered
[    9.562332] microcode: CPU0 sig=0x206a7, pf=0x10, revision=0x0
[    9.562362] microcode: CPU1 sig=0x206a7, pf=0x10, revision=0x0
[    9.562442] microcode: Microcode Update Driver: v2.01 <tigran@aivazian.fsnet.co.uk>, Peter Oruba
[    9.562458] Using IPI No-Shortcut mode
[    9.562636] registered taskstats version 1
[    9.562654] Loading compiled-in X.509 certificates
[    9.566570] Loaded X.509 cert 'Build time autogenerated kernel key: 55fe9c7b6ac8cd3de4564be7c734382515d9bbe8'
[    9.566606] zswap: loaded using pool lzo/zbud
[    9.574680] Key type trusted registered
[    9.577434] Key type encrypted registered
[    9.577441] AppArmor: AppArmor sha1 policy hashing enabled
[    9.577443] ima: No TPM chip found, activating TPM-bypass!
[    9.577464] evm: HMAC attrs: 0x1
[    9.578354]   Magic number: 9:287:933
[    9.581575] rtc_cmos rtc_cmos: setting system clock to 2017-07-31 10:56:43 UTC (1501498603)
[    9.581777] BIOS EDD facility v0.16 2004-Jun-25, 0 devices found
[    9.581778] EDD information not available.
[    9.943219] tsc: Refined TSC clocksource calibration: 2296.097 MHz
[    9.943222] clocksource: tsc: mask: 0xffffffffffffffff max_cycles: 0x2118ce33498, max_idle_ns: 440795264412 ns
[   11.671653] isapnp: No Plug & Play device found
[   11.689496] Freeing unused kernel memory: 940K (c1ba1000 - c1c8c000)
[   11.695423] Write protecting the kernel text: 7964k
[   11.704607] Write protecting the kernel read-only data: 3168k
[   11.707699] NX-protecting the kernel data: 6372k
Loading, please wait...
starting version 229
[   11.747483] random: udevadm: uninitialized urandom read (16 bytes read, 3 bits of entropy available)
[   11.749112] random: systemd-udevd: uninitialized urandom read (16 bytes read, 3 bits of entropy available)
[   11.749236] random: systemd-udevd: uninitialized urandom read (16 bytes read, 3 bits of entropy available)
[   11.749269] random: systemd-udevd: uninitialized urandom read (16 bytes read, 3 bits of entropy available)
[   11.860528] random: udevadm: uninitialized urandom read (16 bytes read, 3 bits of entropy available)
[   11.876154] random: udevadm: uninitialized urandom read (16 bytes read, 3 bits of entropy available)
[   11.884039] random: udevadm: uninitialized urandom read (16 bytes read, 3 bits of entropy available)
[   11.957317] random: udevadm: uninitialized urandom read (16 bytes read, 3 bits of entropy available)
[   11.972247] random: udevadm: uninitialized urandom read (16 bytes read, 3 bits of entropy available)
[   11.994116] random: udevadm: uninitialized urandom read (16 bytes read, 3 bits of entropy available)
[   12.080533] Fusion MPT base driver 3.04.20
[   12.096969] Copyright (c) 1999-2008 LSI Corporation
[   12.159777] e1000: Intel(R) PRO/1000 Network Driver - version 7.3.21-k8-NAPI
[   12.168161] e1000: Copyright (c) 1999-2006 Intel Corporation.
[   12.266302] Fusion MPT SPI Host driver 3.04.20
[   12.357820] input: ImExPS/2 Generic Explorer Mouse as /devices/platform/i8042/serio1/input/input4
[   12.701231] e1000 0000:00:03.0 eth0: (PCI:33MHz:32-bit) 02:1e:15:73:a4:ae
[   12.730773] e1000 0000:00:03.0 eth0: Intel(R) PRO/1000 Network Connection
[   12.760446] mptbase: ioc0: Initiating bringup
[   12.773470] e1000 0000:00:03.0 enp0s3: renamed from eth0
[   12.835805] ioc0: LSI53C1030 A0: Capabilities={Initiator}
[   13.017329] scsi host2: ioc0: LSI53C1030 A0, FwRev=00000000h, Ports=1, MaxQ=256, IRQ=20
[   13.195260] scsi 2:0:0:0: Direct-Access     VBOX     HARDDISK         1.0  PQ: 0 ANSI: 5
[   13.282965] scsi target2:0:0: Beginning Domain Validation
[   13.338194] scsi target2:0:0: Domain Validation skipping write tests
[   13.377110] scsi target2:0:0: Ending Domain Validation
[   13.389374] scsi target2:0:0: asynchronous
[   13.397039] scsi 2:0:1:0: Direct-Access     VBOX     HARDDISK         1.0  PQ: 0 ANSI: 5
[   13.413716] scsi target2:0:1: Beginning Domain Validation
[   13.426419] scsi target2:0:1: Domain Validation skipping write tests
[   13.430024] scsi target2:0:1: Ending Domain Validation
[   13.440640] scsi target2:0:1: asynchronous
[   13.458394] sd 2:0:0:0: [sda] 20971520 512-byte logical blocks: (10.7 GB/10.0 GiB)
[   13.484343] sd 2:0:0:0: Attached scsi generic sg0 type 0
[   13.510720] sd 2:0:0:0: [sda] Write Protect is off
[   13.511685] sd 2:0:1:0: Attached scsi generic sg1 type 0
[   13.512030] sd 2:0:1:0: [sdb] 20480 512-byte logical blocks: (10.5 MB/10.0 MiB)
[   13.512219] sd 2:0:1:0: [sdb] Write Protect is off
[   13.512341] sd 2:0:1:0: [sdb] Incomplete mode parameter data
[   13.512342] sd 2:0:1:0: [sdb] Assuming drive cache: write through
[   13.545144] sd 2:0:1:0: [sdb] Attached SCSI disk
[   13.712836] sd 2:0:0:0: [sda] Incomplete mode parameter data
[   13.737976] sd 2:0:0:0: [sda] Assuming drive cache: write through
[   13.753271]  sda: sda1
[   13.763213] sd 2:0:0:0: [sda] Attached SCSI disk
[   15.235206] floppy0: no floppy controllers found
Begin: Loading essential drivers ... [   16.699917] md: linear personality registered for level -1
[   16.735113] md: multipath personality registered for level -4
[   16.749512] md: raid0 personality registered for level 0
[   16.830424] md: raid1 personality registered for level 1
[   16.938840] raid6: mmxx1    gen()  3775 MB/s
[   17.019014] raid6: mmxx2    gen()  4371 MB/s
[   17.123535] raid6: sse1x1   gen()  2666 MB/s
[   17.207627] raid6: sse1x2   gen()  4188 MB/s
[   17.279008] raid6: sse2x1   gen()  5429 MB/s
[   17.395363] raid6: sse2x1   xor()  5167 MB/s
[   17.491134] raid6: sse2x2   gen()  8368 MB/s
[   17.611479] raid6: sse2x2   xor()  4838 MB/s
[   17.613670] raid6: using algorithm sse2x2 gen() 8368 MB/s
[   17.629488] raid6: .... xor() 4838 MB/s, rmw enabled
[   17.633722] raid6: using ssse3x1 recovery algorithm
[   17.643984] xor: automatically using best checksumming function:
[   17.696950]    avx       : 11075.000 MB/sec
[   17.708372] async_tx: api initialized (async)
[   17.749550] md: raid6 personality registered for level 6
[   17.756639] md: raid5 personality registered for level 5
[   17.762897] md: raid4 personality registered for level 4
[   17.790785] md: raid10 personality registered for level 10
done.
Begin: Running /scripts/init-premount ... done.
Begin: Mounting root file system ... Begin: Running /scripts/local-top ... done.
Begin: Running /scripts/local-premount ... [   17.861513] Btrfs loaded
Scanning for Btrfs filesystems
done.
Warning: fsck not present, so sk[   17.969482] EXT4-fs (sda1): mounted filesystem with ordered data mode. Opts: (null)
ipping root file system
done.
Begin: Running /scripts/local-bottom ... done.
Begin: Running /scripts/init-bottom ... done.
[   18.634376] systemd[1]: systemd 229 running in system mode. (+PAM +AUDIT +SELINUX +IMA +APPARMOR +SMACK +SYSVINIT +UTMP +LIBCRYPTSETUP +GCRYPT +GNUTLS +ACL +XZ -LZ4 +SECCOMP +BLKID +ELFUTILS +KMOD -IDN)
[   18.741987] systemd[1]: Detected virtualization oracle.
[   18.778344] systemd[1]: Detected architecture x86.

Welcome to [1mUbuntu 16.04.2 LTS[0m!

[   18.839634] systemd[1]: Set hostname to <ubuntu-xenial>.
[   19.176886] random: nonblocking pool is initialized
[   19.738651] systemd[1]: Listening on Journal Audit Socket.
[[0;32m  OK  [0m] Listening on Journal Audit Socket.
[   19.799235] systemd[1]: Listening on udev Control Socket.
[[0;32m  OK  [0m] Listening on udev Control Socket.
[   19.891309] systemd[1]: Listening on Journal Socket (/dev/log).
[[0;32m  OK  [0m] Listening on Journal Socket (/dev/log).
[   20.011796] systemd[1]: Reached target Swap.
[[0;32m  OK  [0m] Reached target Swap.
[   20.112046] systemd[1]: Set up automount Arbitrary Executable File Formats File System Automount Point.
[[0;32m  OK  [0m] Set up automount Arbitrary Executab...ats File System Automount Point.
[   20.253018] systemd[1]: Listening on Device-mapper event daemon FIFOs.
[[0;32m  OK  [0m] Listening on Device-mapper event daemon FIFOs.
[   20.335916] systemd[1]: Reached target User and Group Name Lookups.
[[0;32m  OK  [0m] Reached target User and Group Name Lookups.
[   20.377899] systemd[1]: Listening on /dev/initctl Compatibility Named Pipe.
[[0;32m  OK  [0m] Listening on /dev/initctl Compatibility Named Pipe.
[   20.475591] systemd[1]: Started Trigger resolvconf update for networkd DNS.
[[0;32m  OK  [0m] Started Trigger resolvconf update for networkd DNS.
[   20.555122] systemd[1]: Listening on LVM2 metadata daemon socket.
[[0;32m  OK  [0m] Listening on LVM2 metadata daemon socket.
[   20.581414] systemd[1]: Listening on Syslog Socket.
[[0;32m  OK  [0m] Listening on Syslog Socket.
[   20.618820] systemd[1]: Listening on udev Kernel Socket.
[[0;32m  OK  [0m] Listening on udev Kernel Socket.
[   20.691717] systemd[1]: Started Forward Password Requests to Wall Directory Watch.
[[0;32m  OK  [0m] Started Forward Password Requests to Wall Directory Watch.
[   20.726210] systemd[1]: Listening on LVM2 poll daemon socket.
[[0;32m  OK  [0m] Listening on LVM2 poll daemon socket.
[   20.760147] systemd[1]: Listening on Journal Socket.
[[0;32m  OK  [0m] Listening on Journal Socket.
[   20.799229] systemd[1]: Reached target Encrypted Volumes.
[[0;32m  OK  [0m] Reached target Encrypted Volumes.
[   20.848371] systemd[1]: Created slice User and Session Slice.
[[0;32m  OK  [0m] Created slice User and Session Slice.
[   20.877881] systemd[1]: Created slice System Slice.
[[0;32m  OK  [0m] Created slice System Slice.
[   20.930941] systemd[1]: Mounting Huge Pages File System...
         Mounting Huge Pages File System...
[   20.950619] systemd[1]: Mounting POSIX Message Queue File System...
         Mounting POSIX Message Queue File System...
[   20.987817] systemd[1]: Starting Remount Root and Kernel File Systems...
         Startin[   21.055411] EXT4-fs (sda1): re-mounted. Opts: (null)
g Remount Root and Kernel File Systems...
[   21.097675] systemd[1]: Starting Monitoring of LVM2 mirrors, snapshots etc. using dmeventd or progress polling...
         Starting Monitoring of LVM2 mirrors... dmeventd or progress polling...
[   21.171360] systemd[1]: Starting Nameserver information manager...
         Starting Nameserver information manager...
[   21.235600] systemd[1]: Starting Load Kernel Modules...
         Starting Load Kernel Modules...
[   21.302783] Loading iSCSI transport class v2.0-870.
[   21.303228] systemd[1]: Mounting Debug File System...
         Mounting Debug File Sys[   21.340724] iscsi: registered transport (tcp)
tem...
[   21.379509] systemd[1]: Created slice system-serial\x2dgetty.slice.
[[0;32m  OK  [0m] Created slice system-serial\x2dgetty.slice.
[   21.421899] systemd[1]: Starting Journal Service...
         Starting Journal Service...
[   21.448216] systemd[1]: Starting Uncomplicated firewall...
         Starting Uncomplicated firewall...
[   21.491583] systemd[1]: Starting Set console keymap...
         [   21.495153] iscsi: registered transport (iser)
Starting Set console keymap...
[   21.551294] systemd[1]: Reached target Slices.
[[0;32m  OK  [0m] Reached target Slices.
[   21.595329] systemd[1]: Starting Create list of required static device nodes for the current kernel...
         Starting Create list of required st... nodes for the current kernel...
[   21.652843] systemd[1]: Mounted Debug File System.
[[0;32m  OK  [0m] Mounted Debug File System.
[   21.679952] systemd[1]: Mounted Huge Pages File System.
[[0;32m  OK  [0m] Mounted Huge Pages File System.
[   21.711384] systemd[1]: Mounted POSIX Message Queue File System.
[[0;32m  OK  [0m] Mounted POSIX Message Queue File System.
[   21.783388] systemd[1]: Started Journal Service.
[[0;32m  OK  [0m] Started Journal Service.
[[0;32m  OK  [0m] Started Remount Root and Kernel File Systems.
[[0;32m  OK  [0m] Started Load Kernel Modules.
[[0;32m  OK  [0m] Started Uncomplicated firewall.
[[0;32m  OK  [0m] Started Set console keymap.
[[0;32m  OK  [0m] Started Create list of required sta...ce nodes for the current kernel.
[[0;32m  OK  [0m] Started Nameserver information manager.
[[0;32m  OK  [0m] Started LVM2 metadata daemon.
         Starting Create Static Device Nodes in /dev...
         Mounting FUSE Control File System...
         Starting Apply Kernel Variables...
         Starting Load/Save Random Seed...
         Starting udev Coldplug all Devices...
         Starting Initial cloud-init job (pre-networking)...
         Starting Flush Journal to Persistent Storage...
[[0;32m  OK  [0m] Mounted FUSE Control File System.
[[0;32m  OK  [0m] Started Load/Save Random Seed.
[   22.516497] systemd-journald[388]: Received request to flush runtime journal from PID 1
[[0;32m  OK  [0m] Started Apply Kernel Variables.
[[0;32m  OK  [0m] Started Flush Journal to Persistent Storage.
[[0;32m  OK  [0m] Started udev Coldplug all Devices.
[[0;32m  OK  [0m] Started Monitoring of LVM2 mirrors,...ng dmeventd or progress polling.
[[0;32m  OK  [0m] Started Create Static Device Nodes in /dev.
         Starting udev Kernel Device Manager...
[[0;32m  OK  [0m] Started udev Kernel Device Manager.
[[0;32m  OK  [0m] Reached target Local File Systems (Pre).
[[0;32m  OK  [0m] Reached target Local File Systems.
         Starting Create Volatile Files and Directories...
         Starting Tell Plymouth To Write Out Runtime Data...
         Starting LSB: AppArmor initialization...
         Starting Set console font and keymap...
[[0;32m  OK  [0m] Started Dispatch Password Requests to Console Directory Watch.
[[0;32m  OK  [0m] Started Create Volatile Files and Directories.
         Starting Update UTMP about System Boot/Shutdown...
[[0;32m  OK  [0m] Reached target System Time Synchronized.
[[0;32m  OK  [0m] Found device /dev/ttyS0.
[[0;32m  OK  [0m] Started Tell Plymouth To Write Out Runtime Data.
[[0;32m  OK  [0m] Started Update UTMP about System Boot/Shutdown.
[[0;32m  OK  [0m] Found device 82540EM Gigabit Ethern...r (PRO/1000 MT Desktop Adapter).
[[0;32m  OK  [0m] Started Set console font and keymap.
[[0;32m  OK  [0m] Created slice system-getty.slice.
[[0;32m  OK  [0m] Listening on Load/Save RF Kill Switch Status /dev/rfkill Watch.
[[0;32m  OK  [0m] Started LSB: AppArmor initialization.
[   22.404584] cloud-init[439]: Cloud-init v. 0.7.9 running 'init-local' at Mon, 31 Jul 2017 10:57:01 +0000. Up 21.76 seconds.
[[0;32m  OK  [0m] Started Initial cloud-init job (pre-networking).
[[0;32m  OK  [0m] Reached target Network (Pre).
         Starting Raise network interfaces...
[[0;32m  OK  [0m] Started ifup for enp0s3.
[[0;32m  OK  [0m] Started Raise network interfaces.
[[0;32m  OK  [0m] Reached target Network.
         Starting Initial cloud-init job (metadata service crawler)...
[   24.228066] cloud-init[979]: Cloud-init v. 0.7.9 running 'init' at Mon, 31 Jul 2017 10:57:03 +0000. Up 23.42 seconds.
[   24.332635] cloud-init[979]: ci-info: +++++++++++++++++++++++++++++++++++++Net device info++++++++++++++++++++++++++++++++++++++
[[0;32m  OK  [0m] Started Initial cloud-init job (metadata service crawler).
[   24.356419] cloud-init[979]: ci-info: +--------+------+----------------------------+---------------+-------+-------------------+
[   24.357061] cloud-init[979]: ci-info: | Device |  Up  |          Address           |      Mask     | Scope |     Hw-Address    |
[   24.357185] cloud-init[979]: ci-info: +--------+------+----------------------------+---------------+-------+-------------------+
[   24.357315] cloud-init[979]: ci-info: |   lo   | True |         127.0.0.1          |   255.0.0.0   |   .   |         .         |
[   24.357425] cloud-init[979]: ci-info: |   lo   | True |          ::1/128           |       .       |  host |         .         |
[   24.357571] cloud-init[979]: ci-info: | enp0s3 | True |         10.0.2.15          | 255.255.255.0 |   .   | 02:1e:15:73:a4:ae |
[   24.357678] cloud-init[979]: ci-info: | enp0s3 | True | fe80::1e:15ff:fe73:a4ae/64 |       .       |  link | 02:1e:15:73:a4:ae |
[   24.357789] cloud-init[979]: ci-info: +--------+------+----------------------------+---------------+-------+-------------------+
[   24.357920] cloud-init[979]: ci-info: +++++++++++++++++++++++++++Route IPv4 info++++++++++++++++++++++++++++
[   24.358083] cloud-init[979]: ci-info: +-------+-------------+----------+---------------+-----------+-------+
[   24.358250] cloud-init[979]: ci-info: | Route | Destination | Gateway  |    Genmask    | Interface | Flags |
[   24.358431] cloud-init[979]: ci-info: +-------+-------------+----------+---------------+-----------+-------+
[   24.358657] cloud-init[979]: ci-info: |   0   |   0.0.0.0   | 10.0.2.2 |    0.0.0.0    |   enp0s3  |   UG  |
[   24.358840] cloud-init[979]: ci-info: |   1   |   10.0.2.0  | 0.0.0.0  | 255.255.255.0 |   enp0s3  |   U   |
[   24.359017] cloud-init[979]: ci-info: +-------+-------------+----------+---------------+-----------+-------+
[[0;32m  OK  [0m] Reached target System Initialization.
[[0;32m  OK  [0m] Started Daily Cleanup of Temporary Directories.
[[0;32m  OK  [0m] Listening on UUID daemon activation socket.
         Starting Socket activation for snappy daemon.
         Starting LXD - unix socket.
[[0;32m  OK  [0m] Listening on D-Bus System Message Bus Socket.
[[0;32m  OK  [0m] Started Timer to automatically refresh installed snaps.
[[0;32m  OK  [0m] Listening on ACPID Listen Socket.
[[0;32m  OK  [0m] Started ACPI Events Check.
[[0;32m  OK  [0m] Reached target Paths.
[[0;32m  OK  [0m] Started Daily apt activities.
[[0;32m  OK  [0m] Reached target Timers.
[[0;32m  OK  [0m] Reached target Network is Online.
         Starting iSCSI initiator daemon (iscsid)...
[[0;32m  OK  [0m] Reached target Cloud-config availability.
[[0;32m  OK  [0m] Listening on Socket activation for snappy daemon.
[[0;32m  OK  [0m] Listening on LXD - unix socket.
[[0;32m  OK  [0m] Started iSCSI initiator daemon (iscsid).
         Starting Login to default iSCSI targets...
[[0;32m  OK  [0m] Reached target Sockets.
[[0;32m  OK  [0m] Reached target Basic System.
         Starting LXD - container startup/shutdown...
         Starting /etc/rc.local Compatibility...
[[0;32m  OK  [0m] Started FUSE filesystem for LXC.
         Starting LSB: Record successful boot for GRUB...
[[0;32m  OK  [0m] Started Deferred execution scheduler.
         Starting The Salt Minion...
         Starting LSB: MD monitoring daemon...
[[0;32m  OK  [0m] Started ACPI event daemon.
         Starting System Logging Service...
         Starting A high performance web server and a reverse proxy server...
         Starting Apply the settings specified in cloud-config...
[[0;32m  OK  [0m] Started Unattended Upgrades Shutdown.
[[0;32m  OK  [0m] Started D-Bus System Message Bus.
         Starting Login Service...
         Starting Accounts Service...
         Starting OpenBSD Secure Shell server...
[[0;32m  OK  [0m] Started Regular background program processing daemon.
[   26.669707] cloud-init[1071]: Cloud-init v. 0.7.9 running 'modules:config' at Mon, 31 Jul 2017 10:57:05 +0000. Up 26.32 seconds.
[[0;32m  OK  [0m] Started Snappy daemon.
         Starting Auto import assertions from block devices...
[[0;32m  OK  [0m] Started System Logging Service.
[[0;32m  OK  [0m] Started /etc/rc.local Compatibility.
[[0;32m  OK  [0m] Started Apply the settings specified in cloud-config.
[[0;32m  OK  [0m] Started Auto import assertions from block devices.
[[0;32m  OK  [0m] Started Login Service.
[[0;32m  OK  [0m] Started Login to default iSCSI targets.
[[0;32m  OK  [0m] Reached target Remote File Systems (Pre).
[[0;32m  OK  [0m] Reached target Remote File Systems.
         Starting LSB: Set the CPU Frequency Scaling governor to "ondemand"...
         Starting LSB: automatic crash report generation...
         Starting LSB: daemon to balance interrupts for SMP systems...
         Starting Permit User Sessions...
         Starting LSB: VirtualBox Linux Additions...
[[0;32m  OK  [0m] Started LSB: MD monitoring daemon.
[[0;32m  OK  [0m] Started Permit User Sessions.
[[0;32m  OK  [0m] Started LSB: Set the CPU Frequency Scaling governor to "ondemand".
         Starting Hold until boot process finishes up...
         Starting Terminate Plymouth Boot Screen...
[[0;32m  OK  [0m] Started Hold until boot process finishes up.
[[0;32m  OK  [0m] Started Terminate Plymouth Boot Screen.
[[0;32m  OK  [0m] Started Getty on tty1.
         Starting Set console scheme...
[[0;32m  OK  [0m] Started Serial Getty on ttyS0.
[[0;32m  OK  [0m] Reached target Login Prompts.
[[0;32m  OK  [0m] Started LSB: Record successful boot for GRUB.
[[0;32m  OK  [0m] Started Set console scheme.
[[0;32m  OK  [0m] Started LSB: daemon to balance interrupts for SMP systems.
[[0;32m  OK  [0m] Started LSB: automatic crash report generation.
         Starting Authenticate and Authorize Users to Run Privileged Tasks...
[[0;32m  OK  [0m] Started OpenBSD Secure Shell server.
[[0;32m  OK  [0m] Started LXD - container startup/shutdown.
[[0;32m  OK  [0m] Started LSB: VirtualBox Linux Additions.
[[0;32m  OK  [0m] Started Authenticate and Authorize Users to Run Privileged Tasks.
[[0;32m  OK  [0m] Started Accounts Service.
[[0;32m  OK  [0m] Started A high performance web server and a reverse proxy server.
[[0;32m  OK  [0m] Started The Salt Minion.
[[0;32m  OK  [0m] Reached target Multi-User System.
[[0;32m  OK  [0m] Reached target Graphical Interface.
         Starting Update UTMP about System Runlevel Changes...
         Starting Execute cloud user/final scripts...
[[0;32m  OK  [0m] Started Update UTMP about System Runlevel Changes.
[   31.604364] cloud-init[1237]: Cloud-init v. 0.7.9 running 'modules:final' at Mon, 31 Jul 2017 10:57:10 +0000. Up 31.38 seconds.
[   31.624125] cloud-init[1237]: Cloud-init v. 0.7.9 finished at Mon, 31 Jul 2017 10:57:11 +0000. Datasource DataSourceNoCloud [seed=/dev/sdb][dsmode=net].  Up 31.59 seconds
[[0;32m  OK  [0m] Started Execute cloud user/final scripts.
[[0;32m  OK  [0m] Reached target Cloud-init target.

Ubuntu 16.04.2 LTS ubuntu-xenial ttyS0

ubuntu-xenial login:          Stopping Authenticate and Authorize Users to Run Privileged Tasks...
         Stopping Daemon for power management...
         Stopping Disk Manager...
         Stopping User Manag[[0;32m  OK  [0m] Unmounted /var/lib/lxcfs.
[[0;32m  OK  [0m] Stopped Deferred execution scheduler.
[[0;32m  OK  [0m] Stopped ACPI event daemon.
[[0;32m  OK  [0m] Stopped Accounts Service.
[[0;32m  OK  [0m] Stopped Regular background program processing daemon.
[[0;32m  OK  [0m] Stopped Snappy daemon.
[[0;32m  OK  [0m] Stopped Getty on tty1.
[[0;32m  OK  [0m] Stopped Serial Getty on ttyS0.
[[0;32m  OK  [0m] Stopped System Logging Service.
[[0;32m  OK  [0m] Stopped OpenBSD Secure Shell server.
[[0;32m  OK  [0m] Stopped The Salt Minion.
[[0;32m  OK  [0m] Stopped Authenticate and Authorize Users to Run Privileged Tasks.
[[0;32m  OK  [0m] Stopped User Manager for UID 1000.
[[0;32m  OK  [0m] Stopped Daemon for power management.
[[0;32m  OK  [0m] Stopped Disk Manager.
[[0;32m  OK  [0m] Stopped D-Bus System Message Bus.
[[0;32m  OK  [0m] Stopped A high performance web server and a reverse proxy server.
[[0;32m  OK  [0m] Stopped FUSE filesystem for LXC.
[[0;32m  OK  [0m] Stopped LXD - container startup/shutdown.
[[0;32m  OK  [0m] Stopped Unattended Upgrades Shutdown.
[[0;32m  OK  [0m] Removed slice system-serial\x2dgetty.slice.
[[0;32m  OK  [0m] Stopped /etc/rc.local Compatibility.
[[0;32m  OK  [0m] Removed slice system-getty.slice.
[[0;32m  OK  [0m] Stopped LSB: Set the CPU Frequency Scaling governor to "ondemand".
[[0;32m  OK  [0m] Stopped LSB: MD monitoring daemon.
[[0;32m  OK  [0m] Stopped LSB: automatic crash report generation.
[[0;32m  OK  [0m] Stopped LSB: daemon to balance interrupts for SMP systems.
[[0;32m  OK  [0m] Stopped LSB: Record successful boot for GRUB.
[[0;32m  OK  [0m] Stopped LSB: VirtualBox Linux Additions.
[[0;32m  OK  [0m] Stopped Session 1 of user ubuntu.
[[0;32m  OK  [0m] Stopped User Manager for UID 1000.
[[0;32m  OK  [0m] Removed slice User Slice of ubuntu.
         Stopping Permit User Sessions...
         Stopping Login Service...
[[0;32m  OK  [0m] Stopped Permit User Sessions.
[[0;32m  OK  [0m] Stopped target Remote File Systems.
[[0;32m  OK  [0m] Stopped target Remote File Systems (Pre).
         Stopping Login to default iSCSI targets...
[[0;32m  OK  [0m] Stopped Login Service.
[[0;32m  OK  [0m] Stopped target Basic System.
[[0;32m  OK  [0m] Stopped target Paths.
[[0;32m  OK  [0m] Stopped ACPI Events Check.
[[0;32m  OK  [0m] Stopped Dispatch Password Requests to Console Directory Watch.
[[0;32m  OK  [0m] Stopped Forward Password Requests to Wall Directory Watch.
[[0;32m  OK  [0m] Stopped target Slices.
[[0;32m  OK  [0m] Stopped target Sockets.
[[0;32m  OK  [0m] Closed Syslog Socket.
[[0;32m  OK  [0m] Closed ACPID Listen Socket.
[[0;32m  OK  [0m] Closed LXD - unix socket.
[[0;32m  OK  [0m] Closed UUID daemon activation socket.
[[0;32m  OK  [0m] Closed Socket activation for snappy daemon.
[[0;32m  OK  [0m] Stopped target User and Group Name Lookups.
[[0;32m  OK  [0m] Removed slice User and Session Slice.
[[0;32m  OK  [0m] Closed D-Bus System Message Bus Socket.
[[0;32m  OK  [0m] Stopped target System Initialization.
[[0;32m  OK  [0m] Stopped target Encrypted Volumes.
         Stopping Load/Save Random Seed...
[[0;32m  OK  [0m] Stopped Create Volatile Files and Directories.
[[0;32m  OK  [0m] Stopped target Swap.
[[0;32m  OK  [0m] Stopped Load/Save Random Seed.
[[0;32m  OK  [0m] Stopped Login to default iSCSI targets.
         Stopping iSCSI initiator daemon (iscsid)...
[[0;32m  OK  [0m] Stopped iSCSI initiator daemon (iscsid).
[[0;32m  OK  [0m] Stopped target Network is Online.
[[0;32m  OK  [0m] Stopped target Network.
[[0;32m  OK  [0m] Stopped Initial cloud-init job (metadata service crawler).
         Stopping Raise network interfaces...
[[0;32m  OK  [0m] Stopped Raise network interfaces.
[[0;32m  OK  [0m] Stopped target Local File Systems.
         Unmounting /run/user/1000...
[[0;32m  OK  [0m] Stopped Apply Kernel Variables.
[[0;32m  OK  [0m] Stopped target Network (Pre).
[[0;32m  OK  [0m] Stopped Initial cloud-init job (pre-networking).
[[0;32m  OK  [0m] Stopped Load Kernel Modules.
[[0;32m  OK  [0m] Unmounted /run/user/1000.
[[0;32m  OK  [0m] Reached target Unmount All Filesystems.
[[0;32m  OK  [0m] Stopped target Local File Systems (Pre).
[[0;32m  OK  [0m] Stopped Create Static Device Nodes in /dev.
         Stopping Monitoring of LVM2 mirrors... dmeventd or progress polling...
[[0;32m  OK  [0m] Stopped Remount Root and Kernel File Systems.
[[0;32m  OK  [0m] Reached target Shutdown.
[ 1700.618881] reboot: Power down
